# JRE version: Java(TM) SE Runtime Environment (8.0_102-b14) (build 1.8.0_102-b14)
# Java VM: Java HotSpot(TM) 64-Bit Server VM (25.102-b14 mixed mode windows-amd64 compressed oops)
Heap:
 PSYoungGen      total 137216K, used 74394K [0x00000000eb580000, 0x00000000f4580000, 0x0000000100000000)
  eden space 126976K, 58% used [0x00000000eb580000,0x00000000efe26808,0x00000000f3180000)
  from space 10240K, 0% used [0x00000000f3b80000,0x00000000f3b80000,0x00000000f4580000)
  to   space 10240K, 0% used [0x00000000f3180000,0x00000000f3180000,0x00000000f3b80000)
 ParOldGen       total 40448K, used 12711K [0x00000000c2000000, 0x00000000c4780000, 0x00000000eb580000)
  object space 40448K, 31% used [0x00000000c2000000,0x00000000c2c69fa8,0x00000000c4780000)
 Metaspace       used 26563K, capacity 26882K, committed 27264K, reserved 1073152K
  class space    used 3346K, capacity 3444K, committed 3456K, reserved 1048576K
GC Heap History (10 events):
Event: 1.300 GC heap before
{Heap before GC invocations=5 (full 0):
 PSYoungGen      total 34304K, used 34274K [0x00000000eb580000, 0x00000000ed980000, 0x0000000100000000)
  eden space 31744K, 100% used [0x00000000eb580000,0x00000000ed480000,0x00000000ed480000)
  from space 2560K, 98% used [0x00000000ed700000,0x00000000ed978930,0x00000000ed980000)
  to   space 2560K, 0% used [0x00000000ed480000,0x00000000ed480000,0x00000000ed700000)
 ParOldGen       total 42496K, used 9169K [0x00000000c2000000, 0x00000000c4980000, 0x00000000eb580000)
  object space 42496K, 21% used [0x00000000c2000000,0x00000000c28f4740,0x00000000c4980000)
 Metaspace       used 17623K, capacity 17820K, committed 18176K, reserved 1064960K
  class space    used 2190K, capacity 2227K, committed 2304K, reserved 1048576K
Event: 1.310 GC heap after
Heap after GC invocations=5 (full 0):
 PSYoungGen      total 34304K, used 2544K [0x00000000eb580000, 0x00000000f0280000, 0x0000000100000000)
  eden space 31744K, 0% used [0x00000000eb580000,0x00000000eb580000,0x00000000ed480000)
  from space 2560K, 99% used [0x00000000ed480000,0x00000000ed6fc010,0x00000000ed700000)
  to   space 7680K, 0% used [0x00000000efb00000,0x00000000efb00000,0x00000000f0280000)
 ParOldGen       total 42496K, used 12920K [0x00000000c2000000, 0x00000000c4980000, 0x00000000eb580000)
  object space 42496K, 30% used [0x00000000c2000000,0x00000000c2c9e080,0x00000000c4980000)
 Metaspace       used 17623K, capacity 17820K, committed 18176K, reserved 1064960K
  class space    used 2190K, capacity 2227K, committed 2304K, reserved 1048576K
}
Event: 1.589 GC heap before
{Heap before GC invocations=6 (full 0):
 PSYoungGen      total 34304K, used 34288K [0x00000000eb580000, 0x00000000f0280000, 0x0000000100000000)
  eden space 31744K, 100% used [0x00000000eb580000,0x00000000ed480000,0x00000000ed480000)
  from space 2560K, 99% used [0x00000000ed480000,0x00000000ed6fc010,0x00000000ed700000)
  to   space 7680K, 0% used [0x00000000efb00000,0x00000000efb00000,0x00000000f0280000)
 ParOldGen       total 42496K, used 12920K [0x00000000c2000000, 0x00000000c4980000, 0x00000000eb580000)
  object space 42496K, 30% used [0x00000000c2000000,0x00000000c2c9e080,0x00000000c4980000)
 Metaspace       used 19357K, capacity 19642K, committed 19968K, reserved 1067008K
  class space    used 2403K, capacity 2472K, committed 2560K, reserved 1048576K
Event: 1.596 GC heap after
Heap after GC invocations=6 (full 0):
 PSYoungGen      total 71168K, used 4509K [0x00000000eb580000, 0x00000000f0280000, 0x0000000100000000)
  eden space 63488K, 0% used [0x00000000eb580000,0x00000000eb580000,0x00000000ef380000)
  from space 7680K, 58% used [0x00000000efb00000,0x00000000eff677d8,0x00000000f0280000)
  to   space 7680K, 0% used [0x00000000ef380000,0x00000000ef380000,0x00000000efb00000)
 ParOldGen       total 42496K, used 12928K [0x00000000c2000000, 0x00000000c4980000, 0x00000000eb580000)
  object space 42496K, 30% used [0x00000000c2000000,0x00000000c2ca0080,0x00000000c4980000)
 Metaspace       used 19357K, capacity 19642K, committed 19968K, reserved 1067008K
  class space    used 2403K, capacity 2472K, committed 2560K, reserved 1048576K
}
Event: 2.109 GC heap before
{Heap before GC invocations=7 (full 0):
 PSYoungGen      total 71168K, used 67997K [0x00000000eb580000, 0x00000000f0280000, 0x0000000100000000)
  eden space 63488K, 100% used [0x00000000eb580000,0x00000000ef380000,0x00000000ef380000)
  from space 7680K, 58% used [0x00000000efb00000,0x00000000eff677d8,0x00000000f0280000)
  to   space 7680K, 0% used [0x00000000ef380000,0x00000000ef380000,0x00000000efb00000)
 ParOldGen       total 42496K, used 12928K [0x00000000c2000000, 0x00000000c4980000, 0x00000000eb580000)
  object space 42496K, 30% used [0x00000000c2000000,0x00000000c2ca0080,0x00000000c4980000)
 Metaspace       used 19631K, capacity 19872K, committed 20224K, reserved 1067008K
  class space    used 2434K, capacity 2505K, committed 2560K, reserved 1048576K
Event: 2.133 GC heap after
Heap after GC invocations=7 (full 0):
 PSYoungGen      total 71168K, used 7666K [0x00000000eb580000, 0x00000000f4580000, 0x0000000100000000)
  eden space 63488K, 0% used [0x00000000eb580000,0x00000000eb580000,0x00000000ef380000)
  from space 7680K, 99% used [0x00000000ef380000,0x00000000efafc8e8,0x00000000efb00000)
  to   space 10240K, 0% used [0x00000000f3b80000,0x00000000f3b80000,0x00000000f4580000)
 ParOldGen       total 42496K, used 16470K [0x00000000c2000000, 0x00000000c4980000, 0x00000000eb580000)
  object space 42496K, 38% used [0x00000000c2000000,0x00000000c3015820,0x00000000c4980000)
 Metaspace       used 19631K, capacity 19872K, committed 20224K, reserved 1067008K
  class space    used 2434K, capacity 2505K, committed 2560K, reserved 1048576K
}
Event: 2.379 GC heap before
{Heap before GC invocations=8 (full 0):
 PSYoungGen      total 71168K, used 36982K [0x00000000eb580000, 0x00000000f4580000, 0x0000000100000000)
  eden space 63488K, 46% used [0x00000000eb580000,0x00000000ed2212f8,0x00000000ef380000)
  from space 7680K, 99% used [0x00000000ef380000,0x00000000efafc8e8,0x00000000efb00000)
  to   space 10240K, 0% used [0x00000000f3b80000,0x00000000f3b80000,0x00000000f4580000)
 ParOldGen       total 42496K, used 16470K [0x00000000c2000000, 0x00000000c4980000, 0x00000000eb580000)
  object space 42496K, 38% used [0x00000000c2000000,0x00000000c3015820,0x00000000c4980000)
 Metaspace       used 20736K, capacity 21068K, committed 21296K, reserved 1069056K
  class space    used 2580K, capacity 2667K, committed 2688K, reserved 1048576K
Event: 2.392 GC heap after
Heap after GC invocations=8 (full 0):
 PSYoungGen      total 137216K, used 5323K [0x00000000eb580000, 0x00000000f4580000, 0x0000000100000000)
  eden space 126976K, 0% used [0x00000000eb580000,0x00000000eb580000,0x00000000f3180000)
  from space 10240K, 51% used [0x00000000f3b80000,0x00000000f40b2ed0,0x00000000f4580000)
  to   space 10240K, 0% used [0x00000000f3180000,0x00000000f3180000,0x00000000f3b80000)
 ParOldGen       total 42496K, used 17400K [0x00000000c2000000, 0x00000000c4980000, 0x00000000eb580000)
  object space 42496K, 40% used [0x00000000c2000000,0x00000000c30fe0f0,0x00000000c4980000)
 Metaspace       used 20736K, capacity 21068K, committed 21296K, reserved 1069056K
  class space    used 2580K, capacity 2667K, committed 2688K, reserved 1048576K
}
Event: 2.392 GC heap before
{Heap before GC invocations=9 (full 1):
 PSYoungGen      total 137216K, used 5323K [0x00000000eb580000, 0x00000000f4580000, 0x0000000100000000)
  eden space 126976K, 0% used [0x00000000eb580000,0x00000000eb580000,0x00000000f3180000)
  from space 10240K, 51% used [0x00000000f3b80000,0x00000000f40b2ed0,0x00000000f4580000)
  to   space 10240K, 0% used [0x00000000f3180000,0x00000000f3180000,0x00000000f3b80000)
 ParOldGen       total 42496K, used 17400K [0x00000000c2000000, 0x00000000c4980000, 0x00000000eb580000)
  object space 42496K, 40% used [0x00000000c2000000,0x00000000c30fe0f0,0x00000000c4980000)
 Metaspace       used 20736K, capacity 21068K, committed 21296K, reserved 1069056K
  class space    used 2580K, capacity 2667K, committed 2688K, reserved 1048576K
Event: 2.440 GC heap after
Heap after GC invocations=9 (full 1):
 PSYoungGen      total 137216K, used 0K [0x00000000eb580000, 0x00000000f4580000, 0x0000000100000000)
  eden space 126976K, 0% used [0x00000000eb580000,0x00000000eb580000,0x00000000f3180000)
  from space 10240K, 0% used [0x00000000f3b80000,0x00000000f3b80000,0x00000000f4580000)
  to   space 10240K, 0% used [0x00000000f3180000,0x00000000f3180000,0x00000000f3b80000)
 ParOldGen       total 40448K, used 12711K [0x00000000c2000000, 0x00000000c4780000, 0x00000000eb580000)
  object space 40448K, 31% used [0x00000000c2000000,0x00000000c2c69fa8,0x00000000c4780000)
 Metaspace       used 20736K, capacity 21068K, committed 21296K, reserved 1069056K
  class space    used 2580K, capacity 2667K, committed 2688K, reserved 1048576K
}

