# JRE version: Java(TM) SE Runtime Environment (8.0_102-b14) (build 1.8.0_102-b14)
# Java VM: Java HotSpot(TM) 64-Bit Server VM (25.102-b14 mixed mode windows-amd64 compressed oops)
Heap:
 PSYoungGen      total 137216K, used 21367K [0x00000000eb580000, 0x00000000f6f00000, 0x0000000100000000)
  eden space 126976K, 8% used [0x00000000eb580000,0x00000000ec05e2d0,0x00000000f3180000)
  from space 10240K, 99% used [0x00000000f3180000,0x00000000f3b7f980,0x00000000f3b80000)
  to   space 12288K, 0% used [0x00000000f6300000,0x00000000f6300000,0x00000000f6f00000)
 ParOldGen       total 41472K, used 15215K [0x00000000c2000000, 0x00000000c4880000, 0x00000000eb580000)
  object space 41472K, 36% used [0x00000000c2000000,0x00000000c2edbe18,0x00000000c4880000)
 Metaspace       used 30677K, capacity 30982K, committed 31488K, reserved 1077248K
  class space    used 3876K, capacity 3994K, committed 4096K, reserved 1048576K
GC Heap History (10 events):
Event: 1.511 GC heap before
{Heap before GC invocations=6 (full 0):
 PSYoungGen      total 34304K, used 34290K [0x00000000eb580000, 0x00000000f0380000, 0x0000000100000000)
  eden space 31744K, 100% used [0x00000000eb580000,0x00000000ed480000,0x00000000ed480000)
  from space 2560K, 99% used [0x00000000ed480000,0x00000000ed6fc910,0x00000000ed700000)
  to   space 8192K, 0% used [0x00000000efb80000,0x00000000efb80000,0x00000000f0380000)
 ParOldGen       total 42496K, used 13052K [0x00000000c2000000, 0x00000000c4980000, 0x00000000eb580000)
  object space 42496K, 30% used [0x00000000c2000000,0x00000000c2cbf378,0x00000000c4980000)
 Metaspace       used 19361K, capacity 19642K, committed 19968K, reserved 1067008K
  class space    used 2402K, capacity 2472K, committed 2560K, reserved 1048576K
Event: 1.521 GC heap after
Heap after GC invocations=6 (full 0):
 PSYoungGen      total 70656K, used 4272K [0x00000000eb580000, 0x00000000f0280000, 0x0000000100000000)
  eden space 63488K, 0% used [0x00000000eb580000,0x00000000eb580000,0x00000000ef380000)
  from space 7168K, 59% used [0x00000000efb80000,0x00000000effac0e8,0x00000000f0280000)
  to   space 7680K, 0% used [0x00000000ef380000,0x00000000ef380000,0x00000000efb00000)
 ParOldGen       total 42496K, used 13052K [0x00000000c2000000, 0x00000000c4980000, 0x00000000eb580000)
  object space 42496K, 30% used [0x00000000c2000000,0x00000000c2cbf378,0x00000000c4980000)
 Metaspace       used 19361K, capacity 19642K, committed 19968K, reserved 1067008K
  class space    used 2402K, capacity 2472K, committed 2560K, reserved 1048576K
}
Event: 2.072 GC heap before
{Heap before GC invocations=7 (full 0):
 PSYoungGen      total 70656K, used 67760K [0x00000000eb580000, 0x00000000f0280000, 0x0000000100000000)
  eden space 63488K, 100% used [0x00000000eb580000,0x00000000ef380000,0x00000000ef380000)
  from space 7168K, 59% used [0x00000000efb80000,0x00000000effac0e8,0x00000000f0280000)
  to   space 7680K, 0% used [0x00000000ef380000,0x00000000ef380000,0x00000000efb00000)
 ParOldGen       total 42496K, used 13052K [0x00000000c2000000, 0x00000000c4980000, 0x00000000eb580000)
  object space 42496K, 30% used [0x00000000c2000000,0x00000000c2cbf378,0x00000000c4980000)
 Metaspace       used 19630K, capacity 19872K, committed 20224K, reserved 1067008K
  class space    used 2431K, capacity 2505K, committed 2560K, reserved 1048576K
Event: 2.087 GC heap after
Heap after GC invocations=7 (full 0):
 PSYoungGen      total 71168K, used 7648K [0x00000000eb580000, 0x00000000f4680000, 0x0000000100000000)
  eden space 63488K, 0% used [0x00000000eb580000,0x00000000eb580000,0x00000000ef380000)
  from space 7680K, 99% used [0x00000000ef380000,0x00000000efaf83d8,0x00000000efb00000)
  to   space 10752K, 0% used [0x00000000f3c00000,0x00000000f3c00000,0x00000000f4680000)
 ParOldGen       total 42496K, used 16585K [0x00000000c2000000, 0x00000000c4980000, 0x00000000eb580000)
  object space 42496K, 39% used [0x00000000c2000000,0x00000000c3032410,0x00000000c4980000)
 Metaspace       used 19630K, capacity 19872K, committed 20224K, reserved 1067008K
  class space    used 2431K, capacity 2505K, committed 2560K, reserved 1048576K
}
Event: 2.306 GC heap before
{Heap before GC invocations=8 (full 0):
 PSYoungGen      total 71168K, used 37206K [0x00000000eb580000, 0x00000000f4680000, 0x0000000100000000)
  eden space 63488K, 46% used [0x00000000eb580000,0x00000000ed25d610,0x00000000ef380000)
  from space 7680K, 99% used [0x00000000ef380000,0x00000000efaf83d8,0x00000000efb00000)
  to   space 10752K, 0% used [0x00000000f3c00000,0x00000000f3c00000,0x00000000f4680000)
 ParOldGen       total 42496K, used 16585K [0x00000000c2000000, 0x00000000c4980000, 0x00000000eb580000)
  object space 42496K, 39% used [0x00000000c2000000,0x00000000c3032410,0x00000000c4980000)
 Metaspace       used 20747K, capacity 21068K, committed 21296K, reserved 1069056K
  class space    used 2579K, capacity 2667K, committed 2688K, reserved 1048576K
Event: 2.316 GC heap after
Heap after GC invocations=8 (full 0):
 PSYoungGen      total 136704K, used 5355K [0x00000000eb580000, 0x00000000f4580000, 0x0000000100000000)
  eden space 126976K, 0% used [0x00000000eb580000,0x00000000eb580000,0x00000000f3180000)
  from space 9728K, 55% used [0x00000000f3c00000,0x00000000f413aed0,0x00000000f4580000)
  to   space 10240K, 0% used [0x00000000f3180000,0x00000000f3180000,0x00000000f3b80000)
 ParOldGen       total 42496K, used 17340K [0x00000000c2000000, 0x00000000c4980000, 0x00000000eb580000)
  object space 42496K, 40% used [0x00000000c2000000,0x00000000c30ef390,0x00000000c4980000)
 Metaspace       used 20747K, capacity 21068K, committed 21296K, reserved 1069056K
  class space    used 2579K, capacity 2667K, committed 2688K, reserved 1048576K
}
Event: 2.316 GC heap before
{Heap before GC invocations=9 (full 1):
 PSYoungGen      total 136704K, used 5355K [0x00000000eb580000, 0x00000000f4580000, 0x0000000100000000)
  eden space 126976K, 0% used [0x00000000eb580000,0x00000000eb580000,0x00000000f3180000)
  from space 9728K, 55% used [0x00000000f3c00000,0x00000000f413aed0,0x00000000f4580000)
  to   space 10240K, 0% used [0x00000000f3180000,0x00000000f3180000,0x00000000f3b80000)
 ParOldGen       total 42496K, used 17340K [0x00000000c2000000, 0x00000000c4980000, 0x00000000eb580000)
  object space 42496K, 40% used [0x00000000c2000000,0x00000000c30ef390,0x00000000c4980000)
 Metaspace       used 20747K, capacity 21068K, committed 21296K, reserved 1069056K
  class space    used 2579K, capacity 2667K, committed 2688K, reserved 1048576K
Event: 2.378 GC heap after
Heap after GC invocations=9 (full 1):
 PSYoungGen      total 136704K, used 0K [0x00000000eb580000, 0x00000000f4580000, 0x0000000100000000)
  eden space 126976K, 0% used [0x00000000eb580000,0x00000000eb580000,0x00000000f3180000)
  from space 9728K, 0% used [0x00000000f3c00000,0x00000000f3c00000,0x00000000f4580000)
  to   space 10240K, 0% used [0x00000000f3180000,0x00000000f3180000,0x00000000f3b80000)
 ParOldGen       total 41472K, used 12625K [0x00000000c2000000, 0x00000000c4880000, 0x00000000eb580000)
  object space 41472K, 30% used [0x00000000c2000000,0x00000000c2c54458,0x00000000c4880000)
 Metaspace       used 20747K, capacity 21068K, committed 21296K, reserved 1069056K
  class space    used 2579K, capacity 2667K, committed 2688K, reserved 1048576K
}
Event: 3.810 GC heap before
{Heap before GC invocations=10 (full 1):
 PSYoungGen      total 136704K, used 126976K [0x00000000eb580000, 0x00000000f4580000, 0x0000000100000000)
  eden space 126976K, 100% used [0x00000000eb580000,0x00000000f3180000,0x00000000f3180000)
  from space 9728K, 0% used [0x00000000f3c00000,0x00000000f3c00000,0x00000000f4580000)
  to   space 10240K, 0% used [0x00000000f3180000,0x00000000f3180000,0x00000000f3b80000)
 ParOldGen       total 41472K, used 12625K [0x00000000c2000000, 0x00000000c4880000, 0x00000000eb580000)
  object space 41472K, 30% used [0x00000000c2000000,0x00000000c2c54458,0x00000000c4880000)
 Metaspace       used 29431K, capacity 29818K, committed 30208K, reserved 1075200K
  class space    used 3706K, capacity 3800K, committed 3840K, reserved 1048576K
Event: 3.830 GC heap after
Heap after GC invocations=10 (full 1):
 PSYoungGen      total 137216K, used 10238K [0x00000000eb580000, 0x00000000f6f00000, 0x0000000100000000)
  eden space 126976K, 0% used [0x00000000eb580000,0x00000000eb580000,0x00000000f3180000)
  from space 10240K, 99% used [0x00000000f3180000,0x00000000f3b7f980,0x00000000f3b80000)
  to   space 12288K, 0% used [0x00000000f6300000,0x00000000f6300000,0x00000000f6f00000)
 ParOldGen       total 41472K, used 15215K [0x00000000c2000000, 0x00000000c4880000, 0x00000000eb580000)
  object space 41472K, 36% used [0x00000000c2000000,0x00000000c2edbe18,0x00000000c4880000)
 Metaspace       used 29431K, capacity 29818K, committed 30208K, reserved 1075200K
  class space    used 3706K, capacity 3800K, committed 3840K, reserved 1048576K
}

