# JRE version: Java(TM) SE Runtime Environment (8.0_102-b14) (build 1.8.0_102-b14)
# Java VM: Java HotSpot(TM) 64-Bit Server VM (25.102-b14 mixed mode windows-amd64 compressed oops)
Heap:
 PSYoungGen      total 137216K, used 16745K [0x00000000eb580000, 0x00000000f7880000, 0x0000000100000000)
  eden space 126976K, 5% used [0x00000000eb580000,0x00000000ebbdd640,0x00000000f3180000)
  from space 10240K, 99% used [0x00000000f3180000,0x00000000f3b7d058,0x00000000f3b80000)
  to   space 12800K, 0% used [0x00000000f6c00000,0x00000000f6c00000,0x00000000f7880000)
 ParOldGen       total 40960K, used 16399K [0x00000000c2000000, 0x00000000c4800000, 0x00000000eb580000)
  object space 40960K, 40% used [0x00000000c2000000,0x00000000c3003cb8,0x00000000c4800000)
 Metaspace       used 30184K, capacity 30506K, committed 30848K, reserved 1077248K
  class space    used 3825K, capacity 3898K, committed 3968K, reserved 1048576K
GC Heap History (10 events):
Event: 1.698 GC heap before
{Heap before GC invocations=6 (full 0):
 PSYoungGen      total 34304K, used 34288K [0x00000000eb580000, 0x00000000f0380000, 0x0000000100000000)
  eden space 31744K, 100% used [0x00000000eb580000,0x00000000ed480000,0x00000000ed480000)
  from space 2560K, 99% used [0x00000000ed480000,0x00000000ed6fc030,0x00000000ed700000)
  to   space 8192K, 0% used [0x00000000efb80000,0x00000000efb80000,0x00000000f0380000)
 ParOldGen       total 42496K, used 13144K [0x00000000c2000000, 0x00000000c4980000, 0x00000000eb580000)
  object space 42496K, 30% used [0x00000000c2000000,0x00000000c2cd6298,0x00000000c4980000)
 Metaspace       used 19353K, capacity 19646K, committed 19968K, reserved 1067008K
  class space    used 2401K, capacity 2472K, committed 2560K, reserved 1048576K
Event: 1.711 GC heap after
Heap after GC invocations=6 (full 0):
 PSYoungGen      total 70656K, used 4243K [0x00000000eb580000, 0x00000000f0280000, 0x0000000100000000)
  eden space 63488K, 0% used [0x00000000eb580000,0x00000000eb580000,0x00000000ef380000)
  from space 7168K, 59% used [0x00000000efb80000,0x00000000effa4d60,0x00000000f0280000)
  to   space 7680K, 0% used [0x00000000ef380000,0x00000000ef380000,0x00000000efb00000)
 ParOldGen       total 42496K, used 13144K [0x00000000c2000000, 0x00000000c4980000, 0x00000000eb580000)
  object space 42496K, 30% used [0x00000000c2000000,0x00000000c2cd6298,0x00000000c4980000)
 Metaspace       used 19353K, capacity 19646K, committed 19968K, reserved 1067008K
  class space    used 2401K, capacity 2472K, committed 2560K, reserved 1048576K
}
Event: 2.074 GC heap before
{Heap before GC invocations=7 (full 0):
 PSYoungGen      total 70656K, used 67731K [0x00000000eb580000, 0x00000000f0280000, 0x0000000100000000)
  eden space 63488K, 100% used [0x00000000eb580000,0x00000000ef380000,0x00000000ef380000)
  from space 7168K, 59% used [0x00000000efb80000,0x00000000effa4d60,0x00000000f0280000)
  to   space 7680K, 0% used [0x00000000ef380000,0x00000000ef380000,0x00000000efb00000)
 ParOldGen       total 42496K, used 13144K [0x00000000c2000000, 0x00000000c4980000, 0x00000000eb580000)
  object space 42496K, 30% used [0x00000000c2000000,0x00000000c2cd6298,0x00000000c4980000)
 Metaspace       used 19617K, capacity 19876K, committed 20224K, reserved 1067008K
  class space    used 2430K, capacity 2505K, committed 2560K, reserved 1048576K
Event: 2.088 GC heap after
Heap after GC invocations=7 (full 0):
 PSYoungGen      total 71168K, used 7649K [0x00000000eb580000, 0x00000000f4680000, 0x0000000100000000)
  eden space 63488K, 0% used [0x00000000eb580000,0x00000000eb580000,0x00000000ef380000)
  from space 7680K, 99% used [0x00000000ef380000,0x00000000efaf85e8,0x00000000efb00000)
  to   space 10752K, 0% used [0x00000000f3c00000,0x00000000f3c00000,0x00000000f4680000)
 ParOldGen       total 42496K, used 16597K [0x00000000c2000000, 0x00000000c4980000, 0x00000000eb580000)
  object space 42496K, 39% used [0x00000000c2000000,0x00000000c3035590,0x00000000c4980000)
 Metaspace       used 19617K, capacity 19876K, committed 20224K, reserved 1067008K
  class space    used 2430K, capacity 2505K, committed 2560K, reserved 1048576K
}
Event: 2.309 GC heap before
{Heap before GC invocations=8 (full 0):
 PSYoungGen      total 71168K, used 37108K [0x00000000eb580000, 0x00000000f4680000, 0x0000000100000000)
  eden space 63488K, 46% used [0x00000000eb580000,0x00000000ed244d48,0x00000000ef380000)
  from space 7680K, 99% used [0x00000000ef380000,0x00000000efaf85e8,0x00000000efb00000)
  to   space 10752K, 0% used [0x00000000f3c00000,0x00000000f3c00000,0x00000000f4680000)
 ParOldGen       total 42496K, used 16597K [0x00000000c2000000, 0x00000000c4980000, 0x00000000eb580000)
  object space 42496K, 39% used [0x00000000c2000000,0x00000000c3035590,0x00000000c4980000)
 Metaspace       used 20756K, capacity 21072K, committed 21296K, reserved 1069056K
  class space    used 2579K, capacity 2667K, committed 2688K, reserved 1048576K
Event: 2.315 GC heap after
Heap after GC invocations=8 (full 0):
 PSYoungGen      total 136704K, used 5065K [0x00000000eb580000, 0x00000000f4580000, 0x0000000100000000)
  eden space 126976K, 0% used [0x00000000eb580000,0x00000000eb580000,0x00000000f3180000)
  from space 9728K, 52% used [0x00000000f3c00000,0x00000000f40f27c0,0x00000000f4580000)
  to   space 10240K, 0% used [0x00000000f3180000,0x00000000f3180000,0x00000000f3b80000)
 ParOldGen       total 42496K, used 17767K [0x00000000c2000000, 0x00000000c4980000, 0x00000000eb580000)
  object space 42496K, 41% used [0x00000000c2000000,0x00000000c3159c28,0x00000000c4980000)
 Metaspace       used 20756K, capacity 21072K, committed 21296K, reserved 1069056K
  class space    used 2579K, capacity 2667K, committed 2688K, reserved 1048576K
}
Event: 2.315 GC heap before
{Heap before GC invocations=9 (full 1):
 PSYoungGen      total 136704K, used 5065K [0x00000000eb580000, 0x00000000f4580000, 0x0000000100000000)
  eden space 126976K, 0% used [0x00000000eb580000,0x00000000eb580000,0x00000000f3180000)
  from space 9728K, 52% used [0x00000000f3c00000,0x00000000f40f27c0,0x00000000f4580000)
  to   space 10240K, 0% used [0x00000000f3180000,0x00000000f3180000,0x00000000f3b80000)
 ParOldGen       total 42496K, used 17767K [0x00000000c2000000, 0x00000000c4980000, 0x00000000eb580000)
  object space 42496K, 41% used [0x00000000c2000000,0x00000000c3159c28,0x00000000c4980000)
 Metaspace       used 20756K, capacity 21072K, committed 21296K, reserved 1069056K
  class space    used 2579K, capacity 2667K, committed 2688K, reserved 1048576K
Event: 2.353 GC heap after
Heap after GC invocations=9 (full 1):
 PSYoungGen      total 136704K, used 0K [0x00000000eb580000, 0x00000000f4580000, 0x0000000100000000)
  eden space 126976K, 0% used [0x00000000eb580000,0x00000000eb580000,0x00000000f3180000)
  from space 9728K, 0% used [0x00000000f3c00000,0x00000000f3c00000,0x00000000f4580000)
  to   space 10240K, 0% used [0x00000000f3180000,0x00000000f3180000,0x00000000f3b80000)
 ParOldGen       total 40960K, used 13598K [0x00000000c2000000, 0x00000000c4800000, 0x00000000eb580000)
  object space 40960K, 33% used [0x00000000c2000000,0x00000000c2d47a10,0x00000000c4800000)
 Metaspace       used 20756K, capacity 21072K, committed 21296K, reserved 1069056K
  class space    used 2579K, capacity 2667K, committed 2688K, reserved 1048576K
}
Event: 3.815 GC heap before
{Heap before GC invocations=10 (full 1):
 PSYoungGen      total 136704K, used 126976K [0x00000000eb580000, 0x00000000f4580000, 0x0000000100000000)
  eden space 126976K, 100% used [0x00000000eb580000,0x00000000f3180000,0x00000000f3180000)
  from space 9728K, 0% used [0x00000000f3c00000,0x00000000f3c00000,0x00000000f4580000)
  to   space 10240K, 0% used [0x00000000f3180000,0x00000000f3180000,0x00000000f3b80000)
 ParOldGen       total 40960K, used 13598K [0x00000000c2000000, 0x00000000c4800000, 0x00000000eb580000)
  object space 40960K, 33% used [0x00000000c2000000,0x00000000c2d47a10,0x00000000c4800000)
 Metaspace       used 29581K, capacity 29982K, committed 30208K, reserved 1075200K
  class space    used 3734K, capacity 3832K, committed 3840K, reserved 1048576K
Event: 3.832 GC heap after
Heap after GC invocations=10 (full 1):
 PSYoungGen      total 137216K, used 10228K [0x00000000eb580000, 0x00000000f7880000, 0x0000000100000000)
  eden space 126976K, 0% used [0x00000000eb580000,0x00000000eb580000,0x00000000f3180000)
  from space 10240K, 99% used [0x00000000f3180000,0x00000000f3b7d058,0x00000000f3b80000)
  to   space 12800K, 0% used [0x00000000f6c00000,0x00000000f6c00000,0x00000000f7880000)
 ParOldGen       total 40960K, used 16399K [0x00000000c2000000, 0x00000000c4800000, 0x00000000eb580000)
  object space 40960K, 40% used [0x00000000c2000000,0x00000000c3003cb8,0x00000000c4800000)
 Metaspace       used 29581K, capacity 29982K, committed 30208K, reserved 1075200K
  class space    used 3734K, capacity 3832K, committed 3840K, reserved 1048576K
}

